{"/Users/vedmalex/work/test/ts-template/src/dto/User.ts": {"path":"/Users/vedmalex/work/test/ts-template/src/dto/User.ts","statementMap":{"0":{"start":{"line":2,"column":21},"end":{"line":2,"column":33}},"1":{"start":{"line":2,"column":42},"end":{"line":2,"column":55}},"2":{"start":{"line":1,"column":0},"end":{"line":1,"column":13}}},"fnMap":{"0":{"name":"(anonymous_0)","decl":{"start":{"line":2,"column":2},"end":{"line":2,"column":21}},"loc":{"start":{"line":2,"column":55},"end":{"line":2,"column":null}}}},"branchMap":{},"s":{"0":1,"1":1,"2":1},"f":{"0":1},"b":{}}
}
